  1.c
E:\vs_programme\exercise1\1.c(51,4): warning C4013: “prinft”未定义；假设外部返回 int
1.obj : error LNK2019: 无法解析的外部符号 _prinft，函数 _main 中引用了该符号
E:\vs_programme\exercise1\Debug\exercise1.exe : fatal error LNK1120: 1 个无法解析的外部命令
